<?xml version="1.0" encoding="UTF-8"?>
<testsuite xmlns:xsi="http://www.w3.org/2001/XMLSchema-instance" xsi:noNamespaceSchemaLocation="https://maven.apache.org/surefire/maven-surefire-plugin/xsd/surefire-test-report.xsd" version="3.0.2" name="com.quniao.QuniaoApplicationTests" time="2.312" tests="1" errors="0" skipped="0" failures="0">
  <properties>
[...]
</properties>
  <testcase name="contextLoads" classname="com.quniao.QuniaoApplicationTests" time="0.504">
    <system-out><![CDATA[21:34:55.857 [main] INFO org.springframework.test.context.support.AnnotationConfigContextLoaderUtils -- Could not detect default configuration classes for test class [com.quniao.QuniaoApplicationTests]: QuniaoApplicationTests does not declare any static, non-private, non-final, nested classes annotated with @Configuration.
21:34:55.924 [main] INFO org.springframework.boot.test.context.SpringBootTestContextBootstrapper -- Found @SpringBootConfiguration com.quniao.QuniaoApplication for test class com.quniao.QuniaoApplicationTests

  .   ____          _            __ _ _
 /\\ / ___'_ __ _ _(_)_ __  __ _ \ \ \ \
( ( )\___ | '_ | '_| | '_ \/ _` | \ \ \ \
 \\/  ___)| |_)| | | | | || (_| |  ) ) ) )
  '  |____| .__|_| |_|_| |_\__, | / / / /
 =========|_|==============|___/=/_/_/_/

 :: Spring Boot ::                (v3.4.4)

2025-05-02T21:34:56.229+08:00  INFO 73152 --- [quniao] [           main] com.quniao.QuniaoApplicationTests        : Starting QuniaoApplicationTests using Java 17.0.9 with PID 73152 (started by 神秘理科男 in D:\code\Java\spring-web\quniao)
2025-05-02T21:34:56.230+08:00  INFO 73152 --- [quniao] [           main] com.quniao.QuniaoApplicationTests        : No active profile set, falling back to 1 default profile: "default"
2025-05-02T21:34:56.684+08:00  INFO 73152 --- [quniao] [           main] faultConfiguringBeanFactoryPostProcessor : No bean named 'errorChannel' has been explicitly defined. Therefore, a default PublishSubscribeChannel will be created.
2025-05-02T21:34:56.694+08:00  INFO 73152 --- [quniao] [           main] faultConfiguringBeanFactoryPostProcessor : No bean named 'integrationHeaderChannelRegistry' has been explicitly defined. Therefore, a default DefaultHeaderChannelRegistry will be created.
2025-05-02T21:34:57.552+08:00  INFO 73152 --- [quniao] [           main] o.s.i.endpoint.EventDrivenConsumer       : Adding {logging-channel-adapter:_org.springframework.integration.errorLogger} as a subscriber to the 'errorChannel' channel
2025-05-02T21:34:57.553+08:00  INFO 73152 --- [quniao] [           main] o.s.i.channel.PublishSubscribeChannel    : Channel 'quniao.errorChannel' has 1 subscriber(s).
2025-05-02T21:34:57.553+08:00  INFO 73152 --- [quniao] [           main] o.s.i.endpoint.EventDrivenConsumer       : started bean '_org.springframework.integration.errorLogger'
2025-05-02T21:34:57.558+08:00  INFO 73152 --- [quniao] [           main] com.quniao.QuniaoApplicationTests        : Started QuniaoApplicationTests in 1.533 seconds (process running for 2.111)
]]></system-out>
  </testcase>
</testsuite>